{
  message: 'Database is connected successfully',
  level: 'info',
  label: 'U M',
  timestamp: '2023-06-06T04:33:13.355Z'
}
{
  message: 'Example app listening on port 5000',
  level: 'info',
  label: 'U M',
  timestamp: '2023-06-06T04:33:13.366Z'
}
{
  message: 'Database is connected successfully',
  level: 'info',
  label: 'U M',
  timestamp: '2023-06-06T04:34:33.867Z'
}
{
  message: 'Example app listening on port 5000',
  level: 'info',
  label: 'U M',
  timestamp: '2023-06-06T04:34:33.877Z'
}
{
  message: 'Database is connected successfully',
  level: 'info',
  label: 'U M',
  timestamp: '2023-06-06T04:37:24.001Z'
}
{
  message: 'Example app listening on port 5000',
  level: 'info',
  label: 'U M',
  timestamp: '2023-06-06T04:37:24.014Z'
}
