{
  message: 'Database is connected successfully',
  level: 'info',
  label: 'U M',
  timestamp: '2023-06-04T07:00:16.377Z'
}
{
  message: 'Example app listening on port 5000',
  level: 'info',
  label: 'U M',
  timestamp: '2023-06-04T07:00:16.388Z'
}
{
  message: 'Database is connected successfully',
  level: 'info',
  label: 'U M',
  timestamp: '2023-06-04T07:01:18.160Z'
}
{
  message: 'Example app listening on port 5000',
  level: 'info',
  label: 'U M',
  timestamp: '2023-06-04T07:01:18.177Z'
}
{
  message: 'Database is connected successfully',
  level: 'info',
  label: 'U M',
  timestamp: '2023-06-04T07:01:25.646Z'
}
{
  message: 'Example app listening on port 5000',
  level: 'info',
  label: 'U M',
  timestamp: '2023-06-04T07:01:25.665Z'
}
{
  message: 'Database is connected successfully',
  level: 'info',
  label: 'U M',
  timestamp: '2023-06-04T07:02:32.810Z'
}
{
  message: 'Example app listening on port 5000',
  level: 'info',
  label: 'U M',
  timestamp: '2023-06-04T07:02:32.819Z'
}
{
  message: 'Database is connected successfully',
  level: 'info',
  label: 'U M',
  timestamp: '2023-06-04T07:24:17.091Z'
}
{
  message: 'Example app listening on port 5000',
  level: 'info',
  label: 'U M',
  timestamp: '2023-06-04T07:24:17.099Z'
}
{
  message: 'Database is connected successfully',
  level: 'info',
  label: 'U M',
  timestamp: '2023-06-04T07:26:05.515Z'
}
{
  message: 'Example app listening on port 5000',
  level: 'info',
  label: 'U M',
  timestamp: '2023-06-04T07:26:05.540Z'
}
{
  message: 'Database is connected successfully',
  level: 'info',
  label: 'U M',
  timestamp: '2023-06-04T07:26:31.280Z'
}
{
  message: 'Example app listening on port 5000',
  level: 'info',
  label: 'U M',
  timestamp: '2023-06-04T07:26:31.294Z'
}
{
  message: 'Database is connected successfully',
  level: 'info',
  label: 'U M',
  timestamp: '2023-06-04T07:38:48.733Z'
}
{
  message: 'Example app listening on port 5000',
  level: 'info',
  label: 'U M',
  timestamp: '2023-06-04T07:38:48.743Z'
}
{
  message: 'Database is connected successfully',
  level: 'info',
  label: 'U M',
  timestamp: '2023-06-04T07:41:10.101Z'
}
{
  message: 'Example app listening on port 5000',
  level: 'info',
  label: 'U M',
  timestamp: '2023-06-04T07:41:10.114Z'
}
{
  message: 'Database is connected successfully',
  level: 'info',
  label: 'U M',
  timestamp: '2023-06-04T07:45:40.813Z'
}
{
  message: 'Example app listening on port 5000',
  level: 'info',
  label: 'U M',
  timestamp: '2023-06-04T07:45:40.826Z'
}
