{
  message: 'Database is connected successfully',
  level: 'info',
  label: 'U M',
  timestamp: '2023-06-16T20:26:28.853Z'
}
{
  message: 'Example app listening on port 5000',
  level: 'info',
  label: 'U M',
  timestamp: '2023-06-16T20:26:28.874Z'
}
{
  message: 'Database is connected successfully',
  level: 'info',
  label: 'U M',
  timestamp: '2023-06-16T20:26:49.077Z'
}
{
  message: 'Example app listening on port 5000',
  level: 'info',
  label: 'U M',
  timestamp: '2023-06-16T20:26:49.095Z'
}
