{
  message: 'Database is connected successfully',
  level: 'info',
  label: 'U M',
  timestamp: '2023-06-05T04:03:59.372Z'
}
{
  message: 'Example app listening on port 5000',
  level: 'info',
  label: 'U M',
  timestamp: '2023-06-05T04:03:59.384Z'
}
{
  message: 'Database is connected successfully',
  level: 'info',
  label: 'U M',
  timestamp: '2023-06-05T04:04:06.975Z'
}
{
  message: 'Example app listening on port 5000',
  level: 'info',
  label: 'U M',
  timestamp: '2023-06-05T04:04:06.985Z'
}
{
  message: 'Database is connected successfully',
  level: 'info',
  label: 'U M',
  timestamp: '2023-06-05T04:05:30.847Z'
}
{
  message: 'Example app listening on port 5000',
  level: 'info',
  label: 'U M',
  timestamp: '2023-06-05T04:05:30.856Z'
}
{
  message: 'Database is connected successfully',
  level: 'info',
  label: 'U M',
  timestamp: '2023-06-05T04:06:30.956Z'
}
{
  message: 'Example app listening on port 5000',
  level: 'info',
  label: 'U M',
  timestamp: '2023-06-05T04:06:30.972Z'
}
{
  message: 'Database is connected successfully',
  level: 'info',
  label: 'U M',
  timestamp: '2023-06-05T04:09:33.874Z'
}
{
  message: 'Example app listening on port 5000',
  level: 'info',
  label: 'U M',
  timestamp: '2023-06-05T04:09:33.884Z'
}
{
  message: 'Database is connected successfully',
  level: 'info',
  label: 'U M',
  timestamp: '2023-06-05T04:12:09.621Z'
}
{
  message: 'Example app listening on port 5000',
  level: 'info',
  label: 'U M',
  timestamp: '2023-06-05T04:12:09.632Z'
}
{
  message: 'Database is connected successfully',
  level: 'info',
  label: 'U M',
  timestamp: '2023-06-05T04:29:41.037Z'
}
{
  message: 'Example app listening on port 5000',
  level: 'info',
  label: 'U M',
  timestamp: '2023-06-05T04:29:41.052Z'
}
{
  message: 'Database is connected successfully',
  level: 'info',
  label: 'U M',
  timestamp: '2023-06-05T04:29:58.402Z'
}
{
  message: 'Example app listening on port 5000',
  level: 'info',
  label: 'U M',
  timestamp: '2023-06-05T04:29:58.411Z'
}
{
  message: 'Database is connected successfully',
  level: 'info',
  label: 'U M',
  timestamp: '2023-06-05T04:30:10.693Z'
}
{
  message: 'Example app listening on port 5000',
  level: 'info',
  label: 'U M',
  timestamp: '2023-06-05T04:30:10.702Z'
}
{
  message: 'Database is connected successfully',
  level: 'info',
  label: 'U M',
  timestamp: '2023-06-05T04:36:01.871Z'
}
{
  message: 'Example app listening on port 5000',
  level: 'info',
  label: 'U M',
  timestamp: '2023-06-05T04:36:01.889Z'
}
{
  message: 'Database is connected successfully',
  level: 'info',
  label: 'U M',
  timestamp: '2023-06-05T04:36:44.177Z'
}
{
  message: 'Example app listening on port 5000',
  level: 'info',
  label: 'U M',
  timestamp: '2023-06-05T04:36:44.194Z'
}
{
  message: 'Database is connected successfully',
  level: 'info',
  label: 'U M',
  timestamp: '2023-06-05T04:42:33.151Z'
}
{
  message: 'Example app listening on port 5000',
  level: 'info',
  label: 'U M',
  timestamp: '2023-06-05T04:42:33.162Z'
}
{
  message: 'Database is connected successfully',
  level: 'info',
  label: 'U M',
  timestamp: '2023-06-05T04:46:59.512Z'
}
{
  message: 'Example app listening on port 5000',
  level: 'info',
  label: 'U M',
  timestamp: '2023-06-05T04:46:59.522Z'
}
