{
  message: 'Database is connected successfully',
  level: 'info',
  label: 'U M',
  timestamp: '2023-06-16T11:01:54.066Z'
}
{
  message: 'Example app listening on port 5000',
  level: 'info',
  label: 'U M',
  timestamp: '2023-06-16T11:01:54.115Z'
}
{
  message: 'Database is connected successfully',
  level: 'info',
  label: 'U M',
  timestamp: '2023-06-16T11:04:33.187Z'
}
{
  message: 'Example app listening on port 5000',
  level: 'info',
  label: 'U M',
  timestamp: '2023-06-16T11:04:33.197Z'
}
{
  message: 'Database is connected successfully',
  level: 'info',
  label: 'U M',
  timestamp: '2023-06-16T11:09:49.957Z'
}
{
  message: 'Example app listening on port 5000',
  level: 'info',
  label: 'U M',
  timestamp: '2023-06-16T11:09:49.966Z'
}
